# JRE version: Java(TM) SE Runtime Environment (8.0_191-b12) (build 1.8.0_191-b12)
# Java VM: Java HotSpot(TM) 64-Bit Server VM (25.191-b12 mixed mode linux-amd64 compressed oops)
Heap:
 PSYoungGen      total 137216K, used 12288K [0x00000000ebf00000, 0x00000000f5300000, 0x0000000100000000)
  eden space 124928K, 0% used [0x00000000ebf00000,0x00000000ebf00000,0x00000000f3900000)
  from space 12288K, 100% used [0x00000000f3900000,0x00000000f4500000,0x00000000f4500000)
  to   space 10240K, 0% used [0x00000000f4500000,0x00000000f4500000,0x00000000f4f00000)
 ParOldGen       total 42496K, used 22482K [0x00000000c3c00000, 0x00000000c6580000, 0x00000000ebf00000)
  object space 42496K, 52% used [0x00000000c3c00000,0x00000000c51f48e0,0x00000000c6580000)
 Metaspace       used 20584K, capacity 21136K, committed 21248K, reserved 1069056K
  class space    used 2386K, capacity 2537K, committed 2560K, reserved 1048576K
GC Heap History (10 events):
Event: 20,123 GC heap after
Heap after GC invocations=2 (full 0):
 PSYoungGen      total 34304K, used 2536K [0x00000000ebf00000, 0x00000000ee300000, 0x0000000100000000)
  eden space 31744K, 0% used [0x00000000ebf00000,0x00000000ebf00000,0x00000000ede00000)
  from space 2560K, 99% used [0x00000000ee080000,0x00000000ee2fa148,0x00000000ee300000)
  to   space 2560K, 0% used [0x00000000ede00000,0x00000000ede00000,0x00000000ee080000)
 ParOldGen       total 42496K, used 1262K [0x00000000c3c00000, 0x00000000c6580000, 0x00000000ebf00000)
  object space 42496K, 2% used [0x00000000c3c00000,0x00000000c3d3ba08,0x00000000c6580000)
 Metaspace       used 8074K, capacity 8188K, committed 8320K, reserved 1056768K
  class space    used 998K, capacity 1048K, committed 1152K, reserved 1048576K
}
Event: 23,919 GC heap before
{Heap before GC invocations=3 (full 0):
 PSYoungGen      total 34304K, used 34280K [0x00000000ebf00000, 0x00000000ee300000, 0x0000000100000000)
  eden space 31744K, 100% used [0x00000000ebf00000,0x00000000ede00000,0x00000000ede00000)
  from space 2560K, 99% used [0x00000000ee080000,0x00000000ee2fa148,0x00000000ee300000)
  to   space 2560K, 0% used [0x00000000ede00000,0x00000000ede00000,0x00000000ee080000)
 ParOldGen       total 42496K, used 1262K [0x00000000c3c00000, 0x00000000c6580000, 0x00000000ebf00000)
  object space 42496K, 2% used [0x00000000c3c00000,0x00000000c3d3ba08,0x00000000c6580000)
 Metaspace       used 11902K, capacity 12104K, committed 12416K, reserved 1060864K
  class space    used 1495K, capacity 1604K, committed 1664K, reserved 1048576K
Event: 23,945 GC heap after
Heap after GC invocations=3 (full 0):
 PSYoungGen      total 34304K, used 2528K [0x00000000ebf00000, 0x00000000f0200000, 0x0000000100000000)
  eden space 31744K, 0% used [0x00000000ebf00000,0x00000000ebf00000,0x00000000ede00000)
  from space 2560K, 98% used [0x00000000ede00000,0x00000000ee078020,0x00000000ee080000)
  to   space 2560K, 0% used [0x00000000eff80000,0x00000000eff80000,0x00000000f0200000)
 ParOldGen       total 42496K, used 5829K [0x00000000c3c00000, 0x00000000c6580000, 0x00000000ebf00000)
  object space 42496K, 13% used [0x00000000c3c00000,0x00000000c41b1778,0x00000000c6580000)
 Metaspace       used 11902K, capacity 12104K, committed 12416K, reserved 1060864K
  class space    used 1495K, capacity 1604K, committed 1664K, reserved 1048576K
}
Event: 26,610 GC heap before
{Heap before GC invocations=4 (full 0):
 PSYoungGen      total 34304K, used 34272K [0x00000000ebf00000, 0x00000000f0200000, 0x0000000100000000)
  eden space 31744K, 100% used [0x00000000ebf00000,0x00000000ede00000,0x00000000ede00000)
  from space 2560K, 98% used [0x00000000ede00000,0x00000000ee078020,0x00000000ee080000)
  to   space 2560K, 0% used [0x00000000eff80000,0x00000000eff80000,0x00000000f0200000)
 ParOldGen       total 42496K, used 5829K [0x00000000c3c00000, 0x00000000c6580000, 0x00000000ebf00000)
  object space 42496K, 13% used [0x00000000c3c00000,0x00000000c41b1778,0x00000000c6580000)
 Metaspace       used 14715K, capacity 14890K, committed 15232K, reserved 1062912K
  class space    used 1830K, capacity 1904K, committed 1920K, reserved 1048576K
Event: 26,639 GC heap after
Heap after GC invocations=4 (full 0):
 PSYoungGen      total 66048K, used 2544K [0x00000000ebf00000, 0x00000000f0200000, 0x0000000100000000)
  eden space 63488K, 0% used [0x00000000ebf00000,0x00000000ebf00000,0x00000000efd00000)
  from space 2560K, 99% used [0x00000000eff80000,0x00000000f01fc010,0x00000000f0200000)
  to   space 2560K, 0% used [0x00000000efd00000,0x00000000efd00000,0x00000000eff80000)
 ParOldGen       total 42496K, used 8333K [0x00000000c3c00000, 0x00000000c6580000, 0x00000000ebf00000)
  object space 42496K, 19% used [0x00000000c3c00000,0x00000000c4423548,0x00000000c6580000)
 Metaspace       used 14715K, capacity 14890K, committed 15232K, reserved 1062912K
  class space    used 1830K, capacity 1904K, committed 1920K, reserved 1048576K
}
Event: 29,286 GC heap before
{Heap before GC invocations=5 (full 0):
 PSYoungGen      total 66048K, used 66032K [0x00000000ebf00000, 0x00000000f0200000, 0x0000000100000000)
  eden space 63488K, 100% used [0x00000000ebf00000,0x00000000efd00000,0x00000000efd00000)
  from space 2560K, 99% used [0x00000000eff80000,0x00000000f01fc010,0x00000000f0200000)
  to   space 2560K, 0% used [0x00000000efd00000,0x00000000efd00000,0x00000000eff80000)
 ParOldGen       total 42496K, used 8333K [0x00000000c3c00000, 0x00000000c6580000, 0x00000000ebf00000)
  object space 42496K, 19% used [0x00000000c3c00000,0x00000000c4423548,0x00000000c6580000)
 Metaspace       used 16714K, capacity 17064K, committed 17280K, reserved 1064960K
  class space    used 2005K, capacity 2108K, committed 2176K, reserved 1048576K
Event: 29,303 GC heap after
Heap after GC invocations=5 (full 0):
 PSYoungGen      total 66048K, used 2544K [0x00000000ebf00000, 0x00000000f4f00000, 0x0000000100000000)
  eden space 63488K, 0% used [0x00000000ebf00000,0x00000000ebf00000,0x00000000efd00000)
  from space 2560K, 99% used [0x00000000efd00000,0x00000000eff7c030,0x00000000eff80000)
  to   space 10240K, 0% used [0x00000000f4500000,0x00000000f4500000,0x00000000f4f00000)
 ParOldGen       total 42496K, used 15624K [0x00000000c3c00000, 0x00000000c6580000, 0x00000000ebf00000)
  object space 42496K, 36% used [0x00000000c3c00000,0x00000000c4b42298,0x00000000c6580000)
 Metaspace       used 16714K, capacity 17064K, committed 17280K, reserved 1064960K
  class space    used 2005K, capacity 2108K, committed 2176K, reserved 1048576K
}
Event: 33,895 GC heap before
{Heap before GC invocations=6 (full 0):
 PSYoungGen      total 66048K, used 66032K [0x00000000ebf00000, 0x00000000f4f00000, 0x0000000100000000)
  eden space 63488K, 100% used [0x00000000ebf00000,0x00000000efd00000,0x00000000efd00000)
  from space 2560K, 99% used [0x00000000efd00000,0x00000000eff7c030,0x00000000eff80000)
  to   space 10240K, 0% used [0x00000000f4500000,0x00000000f4500000,0x00000000f4f00000)
 ParOldGen       total 42496K, used 15624K [0x00000000c3c00000, 0x00000000c6580000, 0x00000000ebf00000)
  object space 42496K, 36% used [0x00000000c3c00000,0x00000000c4b42298,0x00000000c6580000)
 Metaspace       used 17039K, capacity 17360K, committed 17536K, reserved 1064960K
  class space    used 2025K, capacity 2143K, committed 2176K, reserved 1048576K
Event: 33,925 GC heap after
Heap after GC invocations=6 (full 0):
 PSYoungGen      total 135168K, used 10211K [0x00000000ebf00000, 0x00000000f5300000, 0x0000000100000000)
  eden space 124928K, 0% used [0x00000000ebf00000,0x00000000ebf00000,0x00000000f3900000)
  from space 10240K, 99% used [0x00000000f4500000,0x00000000f4ef8da0,0x00000000f4f00000)
  to   space 12288K, 0% used [0x00000000f3900000,0x00000000f3900000,0x00000000f4500000)
 ParOldGen       total 42496K, used 15632K [0x00000000c3c00000, 0x00000000c6580000, 0x00000000ebf00000)
  object space 42496K, 36% used [0x00000000c3c00000,0x00000000c4b44298,0x00000000c6580000)
 Metaspace       used 17039K, capacity 17360K, committed 17536K, reserved 1064960K
  class space    used 2025K, capacity 2143K, committed 2176K, reserved 1048576K
}
Event: 53,013 GC heap before
{Heap before GC invocations=7 (full 0):
 PSYoungGen      total 135168K, used 130262K [0x00000000ebf00000, 0x00000000f5300000, 0x0000000100000000)
  eden space 124928K, 96% used [0x00000000ebf00000,0x00000000f343cac0,0x00000000f3900000)
  from space 10240K, 99% used [0x00000000f4500000,0x00000000f4ef8da0,0x00000000f4f00000)
  to   space 12288K, 0% used [0x00000000f3900000,0x00000000f3900000,0x00000000f4500000)
 ParOldGen       total 42496K, used 15632K [0x00000000c3c00000, 0x00000000c6580000, 0x00000000ebf00000)
  object space 42496K, 36% used [0x00000000c3c00000,0x00000000c4b44298,0x00000000c6580000)
 Metaspace       used 20584K, capacity 21136K, committed 21248K, reserved 1069056K
  class space    used 2386K, capacity 2537K, committed 2560K, reserved 1048576K

