# JRE version: Java(TM) SE Runtime Environment (8.0_191-b12) (build 1.8.0_191-b12)
# Java VM: Java HotSpot(TM) 64-Bit Server VM (25.191-b12 mixed mode linux-amd64 compressed oops)
Heap:
 PSYoungGen      total 155648K, used 8209K [0x00000000ebf00000, 0x00000000f6600000, 0x0000000100000000)
  eden space 140288K, 0% used [0x00000000ebf00000,0x00000000ebf00000,0x00000000f4800000)
  from space 15360K, 53% used [0x00000000f4800000,0x00000000f50046e8,0x00000000f5700000)
  to   space 10240K, 0% used [0x00000000f5c00000,0x00000000f5c00000,0x00000000f6600000)
 ParOldGen       total 105984K, used 68497K [0x00000000c3c00000, 0x00000000ca380000, 0x00000000ebf00000)
  object space 105984K, 64% used [0x00000000c3c00000,0x00000000c7ee4488,0x00000000ca380000)
 Metaspace       used 37315K, capacity 39096K, committed 39344K, reserved 1083392K
  class space    used 4513K, capacity 4989K, committed 5040K, reserved 1048576K
GC Heap History (10 events):
Event: 16,052 GC heap after
Heap after GC invocations=10 (full 0):
 PSYoungGen      total 105984K, used 10752K [0x00000000ebf00000, 0x00000000f3700000, 0x0000000100000000)
  eden space 90624K, 0% used [0x00000000ebf00000,0x00000000ebf00000,0x00000000f1780000)
  from space 15360K, 70% used [0x00000000f2700000,0x00000000f3180000,0x00000000f3600000)
  to   space 15872K, 0% used [0x00000000f1780000,0x00000000f1780000,0x00000000f2700000)
 ParOldGen       total 42496K, used 21349K [0x00000000c3c00000, 0x00000000c6580000, 0x00000000ebf00000)
  object space 42496K, 50% used [0x00000000c3c00000,0x00000000c50d9510,0x00000000c6580000)
 Metaspace       used 17376K, capacity 17728K, committed 18048K, reserved 1064960K
  class space    used 2038K, capacity 2151K, committed 2176K, reserved 1048576K
}
Event: 18,839 GC heap before
{Heap before GC invocations=11 (full 0):
 PSYoungGen      total 105984K, used 59542K [0x00000000ebf00000, 0x00000000f3700000, 0x0000000100000000)
  eden space 90624K, 53% used [0x00000000ebf00000,0x00000000eeea5990,0x00000000f1780000)
  from space 15360K, 70% used [0x00000000f2700000,0x00000000f3180000,0x00000000f3600000)
  to   space 15872K, 0% used [0x00000000f1780000,0x00000000f1780000,0x00000000f2700000)
 ParOldGen       total 42496K, used 21349K [0x00000000c3c00000, 0x00000000c6580000, 0x00000000ebf00000)
  object space 42496K, 50% used [0x00000000c3c00000,0x00000000c50d9510,0x00000000c6580000)
 Metaspace       used 20615K, capacity 21168K, committed 21296K, reserved 1069056K
  class space    used 2394K, capacity 2561K, committed 2608K, reserved 1048576K
Event: 18,883 GC heap after
Heap after GC invocations=11 (full 0):
 PSYoungGen      total 106496K, used 4884K [0x00000000ebf00000, 0x00000000f6b00000, 0x0000000100000000)
  eden space 90624K, 0% used [0x00000000ebf00000,0x00000000ebf00000,0x00000000f1780000)
  from space 15872K, 30% used [0x00000000f1780000,0x00000000f1c452a8,0x00000000f2700000)
  to   space 15360K, 0% used [0x00000000f5c00000,0x00000000f5c00000,0x00000000f6b00000)
 ParOldGen       total 42496K, used 31588K [0x00000000c3c00000, 0x00000000c6580000, 0x00000000ebf00000)
  object space 42496K, 74% used [0x00000000c3c00000,0x00000000c5ad9050,0x00000000c6580000)
 Metaspace       used 20615K, capacity 21168K, committed 21296K, reserved 1069056K
  class space    used 2394K, capacity 2561K, committed 2608K, reserved 1048576K
}
Event: 18,883 GC heap before
{Heap before GC invocations=12 (full 1):
 PSYoungGen      total 106496K, used 4884K [0x00000000ebf00000, 0x00000000f6b00000, 0x0000000100000000)
  eden space 90624K, 0% used [0x00000000ebf00000,0x00000000ebf00000,0x00000000f1780000)
  from space 15872K, 30% used [0x00000000f1780000,0x00000000f1c452a8,0x00000000f2700000)
  to   space 15360K, 0% used [0x00000000f5c00000,0x00000000f5c00000,0x00000000f6b00000)
 ParOldGen       total 42496K, used 31588K [0x00000000c3c00000, 0x00000000c6580000, 0x00000000ebf00000)
  object space 42496K, 74% used [0x00000000c3c00000,0x00000000c5ad9050,0x00000000c6580000)
 Metaspace       used 20615K, capacity 21168K, committed 21296K, reserved 1069056K
  class space    used 2394K, capacity 2561K, committed 2608K, reserved 1048576K
Event: 19,034 GC heap after
Heap after GC invocations=12 (full 1):
 PSYoungGen      total 106496K, used 0K [0x00000000ebf00000, 0x00000000f6b00000, 0x0000000100000000)
  eden space 90624K, 0% used [0x00000000ebf00000,0x00000000ebf00000,0x00000000f1780000)
  from space 15872K, 0% used [0x00000000f1780000,0x00000000f1780000,0x00000000f2700000)
  to   space 15360K, 0% used [0x00000000f5c00000,0x00000000f5c00000,0x00000000f6b00000)
 ParOldGen       total 53248K, used 27285K [0x00000000c3c00000, 0x00000000c7000000, 0x00000000ebf00000)
  object space 53248K, 51% used [0x00000000c3c00000,0x00000000c56a54a8,0x00000000c7000000)
 Metaspace       used 20615K, capacity 21168K, committed 21296K, reserved 1069056K
  class space    used 2394K, capacity 2561K, committed 2608K, reserved 1048576K
}
Event: 51,164 GC heap before
{Heap before GC invocations=13 (full 1):
 PSYoungGen      total 106496K, used 90624K [0x00000000ebf00000, 0x00000000f6b00000, 0x0000000100000000)
  eden space 90624K, 100% used [0x00000000ebf00000,0x00000000f1780000,0x00000000f1780000)
  from space 15872K, 0% used [0x00000000f1780000,0x00000000f1780000,0x00000000f2700000)
  to   space 15360K, 0% used [0x00000000f5c00000,0x00000000f5c00000,0x00000000f6b00000)
 ParOldGen       total 53248K, used 27285K [0x00000000c3c00000, 0x00000000c7000000, 0x00000000ebf00000)
  object space 53248K, 51% used [0x00000000c3c00000,0x00000000c56a54a8,0x00000000c7000000)
 Metaspace       used 31357K, capacity 32136K, committed 32432K, reserved 1077248K
  class space    used 3703K, capacity 3927K, committed 4016K, reserved 1048576K
Event: 52,541 GC heap after
Heap after GC invocations=13 (full 1):
 PSYoungGen      total 150528K, used 9765K [0x00000000ebf00000, 0x00000000f6600000, 0x0000000100000000)
  eden space 140288K, 0% used [0x00000000ebf00000,0x00000000ebf00000,0x00000000f4800000)
  from space 10240K, 95% used [0x00000000f5c00000,0x00000000f6589560,0x00000000f6600000)
  to   space 15360K, 0% used [0x00000000f4800000,0x00000000f4800000,0x00000000f5700000)
 ParOldGen       total 70144K, used 60125K [0x00000000c3c00000, 0x00000000c8080000, 0x00000000ebf00000)
  object space 70144K, 85% used [0x00000000c3c00000,0x00000000c76b74d8,0x00000000c8080000)
 Metaspace       used 31357K, capacity 32136K, committed 32432K, reserved 1077248K
  class space    used 3703K, capacity 3927K, committed 4016K, reserved 1048576K
}
Event: 52,541 GC heap before
{Heap before GC invocations=14 (full 2):
 PSYoungGen      total 150528K, used 9765K [0x00000000ebf00000, 0x00000000f6600000, 0x0000000100000000)
  eden space 140288K, 0% used [0x00000000ebf00000,0x00000000ebf00000,0x00000000f4800000)
  from space 10240K, 95% used [0x00000000f5c00000,0x00000000f6589560,0x00000000f6600000)
  to   space 15360K, 0% used [0x00000000f4800000,0x00000000f4800000,0x00000000f5700000)
 ParOldGen       total 70144K, used 60125K [0x00000000c3c00000, 0x00000000c8080000, 0x00000000ebf00000)
  object space 70144K, 85% used [0x00000000c3c00000,0x00000000c76b74d8,0x00000000c8080000)
 Metaspace       used 31357K, capacity 32136K, committed 32432K, reserved 1077248K
  class space    used 3703K, capacity 3927K, committed 4016K, reserved 1048576K
Event: 52,620 GC heap after
Heap after GC invocations=14 (full 2):
 PSYoungGen      total 150528K, used 0K [0x00000000ebf00000, 0x00000000f6600000, 0x0000000100000000)
  eden space 140288K, 0% used [0x00000000ebf00000,0x00000000ebf00000,0x00000000f4800000)
  from space 10240K, 0% used [0x00000000f5c00000,0x00000000f5c00000,0x00000000f6600000)
  to   space 15360K, 0% used [0x00000000f4800000,0x00000000f4800000,0x00000000f5700000)
 ParOldGen       total 105984K, used 68097K [0x00000000c3c00000, 0x00000000ca380000, 0x00000000ebf00000)
  object space 105984K, 64% used [0x00000000c3c00000,0x00000000c7e80458,0x00000000ca380000)
 Metaspace       used 31357K, capacity 32136K, committed 32432K, reserved 1077248K
  class space    used 3703K, capacity 3927K, committed 4016K, reserved 1048576K
}
Event: 306,334 GC heap before
{Heap before GC invocations=15 (full 2):
 PSYoungGen      total 150528K, used 52651K [0x00000000ebf00000, 0x00000000f6600000, 0x0000000100000000)
  eden space 140288K, 37% used [0x00000000ebf00000,0x00000000ef26ac28,0x00000000f4800000)
  from space 10240K, 0% used [0x00000000f5c00000,0x00000000f5c00000,0x00000000f6600000)
  to   space 15360K, 0% used [0x00000000f4800000,0x00000000f4800000,0x00000000f5700000)
 ParOldGen       total 105984K, used 68097K [0x00000000c3c00000, 0x00000000ca380000, 0x00000000ebf00000)
  object space 105984K, 64% used [0x00000000c3c00000,0x00000000c7e80458,0x00000000ca380000)
 Metaspace       used 37315K, capacity 39096K, committed 39344K, reserved 1083392K
  class space    used 4513K, capacity 4989K, committed 5040K, reserved 1048576K

